<?xml version="1.0" encoding="UTF-8"?>
<!-- Generated by org.testng.reporters.JUnitReportReporter -->
<testsuite hostname="DESKTOP-EC1SC6K" failures="0" tests="2" name="demoblaze.SignUpTest" time="2.512" errors="0" timestamp="2022-03-20T18:25:39 WAT" skipped="0">
  <testcase classname="demoblaze.SignUpTest" name="ValidSignUp" time="0.963"/>
  <system-out/>
  <testcase classname="demoblaze.SignUpTest" name="InvalidSignUp" time="1.549"/>
  <system-out/>
</testsuite> <!-- demoblaze.SignUpTest -->
