<?xml version="1.0" encoding="UTF-8"?>
<!-- Generated by org.testng.reporters.JUnitReportReporter -->
<testsuite hostname="DESKTOP-EC1SC6K" failures="0" tests="1" name="demoblaze.AboutUsTest" time="0.468" errors="0" timestamp="2022-03-18T21:05:07 WAT" skipped="0">
  <testcase classname="demoblaze.AboutUsTest" name="PlayVideo" time="0.468"/>
  <system-out/>
</testsuite> <!-- demoblaze.AboutUsTest -->
