<?xml version="1.0" encoding="UTF-8"?>
<!-- Generated by org.testng.reporters.JUnitReportReporter -->
<testsuite hostname="DESKTOP-EC1SC6K" failures="0" tests="1" name="demoblaze.CheckoutTest" time="2.236" errors="0" timestamp="2022-03-20T18:25:39 WAT" skipped="0">
  <testcase classname="demoblaze.CheckoutTest" name="CheckOut" time="2.236"/>
  <system-out/>
</testsuite> <!-- demoblaze.CheckoutTest -->
