<?xml version="1.0" encoding="UTF-8"?>
<!-- Generated by org.testng.reporters.JUnitReportReporter -->
<testsuite hostname="DESKTOP-EC1SC6K" failures="0" tests="1" name="demoblaze.HomeTest" time="0.092" errors="0" timestamp="2022-03-18T23:12:43 WAT" skipped="0">
  <testcase classname="demoblaze.HomeTest" name="NavigateToMonitorCat" time="0.092"/>
  <system-out/>
</testsuite> <!-- demoblaze.HomeTest -->
