<?xml version="1.0" encoding="UTF-8"?>
<!-- Generated by org.testng.reporters.JUnitReportReporter -->
<testsuite hostname="DESKTOP-EC1SC6K" failures="0" tests="1" name="demoblaze.ProductDetailTest" time="1.200" errors="0" timestamp="2022-03-20T18:25:39 WAT" skipped="0">
  <testcase classname="demoblaze.ProductDetailTest" name="AddToCart" time="1.200"/>
  <system-out/>
</testsuite> <!-- demoblaze.ProductDetailTest -->
