<?xml version="1.0" encoding="UTF-8"?>
<!-- Generated by org.testng.reporters.JUnitReportReporter -->
<testsuite hostname="DESKTOP-EC1SC6K" failures="0" tests="1" name="demoblaze.ContactTest" time="0.615" errors="0" timestamp="2022-03-18T20:34:45 WAT" skipped="0">
  <testcase classname="demoblaze.ContactTest" name="ContactUs" time="0.615"/>
  <system-out/>
</testsuite> <!-- demoblaze.ContactTest -->
