<?xml version="1.0" encoding="UTF-8"?>
<!-- Generated by org.testng.reporters.JUnitReportReporter -->
<testsuite hostname="DESKTOP-EC1SC6K" failures="0" tests="2" name="demoblaze.HomeTest" time="0.491" errors="0" timestamp="2022-03-20T18:25:39 WAT" skipped="0">
  <testcase classname="demoblaze.HomeTest" name="NavigateToMonitorCat" time="0.197"/>
  <system-out/>
  <testcase classname="demoblaze.HomeTest" name="NavigateToLaptopCat" time="0.294"/>
  <system-out/>
</testsuite> <!-- demoblaze.HomeTest -->
