<?xml version="1.0" encoding="UTF-8"?>
<!-- Generated by org.testng.reporters.JUnitReportReporter -->
<testsuite hostname="DESKTOP-EC1SC6K" failures="0" tests="1" name="demoblaze.SignUpTest" time="1.461" errors="0" timestamp="2022-03-18T20:18:11 WAT" skipped="0">
  <testcase classname="demoblaze.SignUpTest" name="InvalidSignUp" time="1.461"/>
  <system-out/>
</testsuite> <!-- demoblaze.SignUpTest -->
