<?xml version="1.0" encoding="UTF-8"?>
<!-- Generated by org.testng.reporters.JUnitReportReporter -->
<testsuite hostname="DESKTOP-EC1SC6K" failures="0" tests="1" name="demoblaze.ShoppingCartTest" time="8.324" errors="0" timestamp="2022-03-18T23:52:54 WAT" skipped="0">
  <testcase classname="demoblaze.ShoppingCartTest" name="DeleteProduct" time="8.324"/>
  <system-out/>
</testsuite> <!-- demoblaze.ShoppingCartTest -->
